info it worked if it ends with ok
verbose cli [ 'node', '/usr/local/bin/npm', 'publish' ]
info using npm@1.0.27
info using node@v0.4.10
verbose config file /home/dominic/.npmrc
verbose config file /usr/local/etc/npmrc
verbose publish [ '.' ]
silly testEngine { name: 'ctrlflow',
silly testEngine   description: 'yet another async control flow lib',
silly testEngine   version: '3.1.1',
silly testEngine   homepage: 'https://github.com/dominictarr/ctrlflow',
silly testEngine   repository: 
silly testEngine    { type: 'git',
silly testEngine      url: 'git://github.com/dominictarr/ctrlflow.git' },
silly testEngine   author: { name: 'Dominic', email: 'dominic.tarr@gmail.com' },
silly testEngine   main: './ctrlflow.js',
silly testEngine   directories: { lib: '.' },
silly testEngine   dependencies: { curry: '0.0.x', 'd-utils': '~1.2' },
silly testEngine   devDependencies: { 'meta-test': '>=0.0.2', 'it-is': '*', curry: '*' },
silly testEngine   scripts: { test: 'meta-test test/*.js' },
silly testEngine   engines: { node: '>=0.2.0' },
silly testEngine   _npmJsonOpts: 
silly testEngine    { file: '/home/dominic/source/dev/ctrlflow/package.json',
silly testEngine      wscript: false,
silly testEngine      contributors: false,
silly testEngine      serverjs: false },
silly testEngine   _id: 'ctrlflow@3.1.1',
silly testEngine   _engineSupported: true,
silly testEngine   _npmVersion: '1.0.27',
silly testEngine   _nodeVersion: 'v0.4.10',
silly testEngine   _defaultsLoaded: true }
verbose caching /home/dominic/source/dev/ctrlflow/package.json
verbose loadDefaults ctrlflow@3.1.1
info prepublish ctrlflow@3.1.1
verbose cache add [ '.', null ]
silly cache add: name, spec, args [ undefined, '.', [ '.', null ] ]
verbose parsed url { pathname: '.', href: '.' }
silly testEngine { name: 'ctrlflow',
silly testEngine   description: 'yet another async control flow lib',
silly testEngine   version: '3.1.1',
silly testEngine   homepage: 'https://github.com/dominictarr/ctrlflow',
silly testEngine   repository: 
silly testEngine    { type: 'git',
silly testEngine      url: 'git://github.com/dominictarr/ctrlflow.git' },
silly testEngine   author: { name: 'Dominic', email: 'dominic.tarr@gmail.com' },
silly testEngine   main: './ctrlflow.js',
silly testEngine   directories: { lib: '.' },
silly testEngine   dependencies: { curry: '0.0.x', 'd-utils': '~1.2' },
silly testEngine   devDependencies: { 'meta-test': '>=0.0.2', 'it-is': '*', curry: '*' },
silly testEngine   scripts: { test: 'meta-test test/*.js' },
silly testEngine   engines: { node: '>=0.2.0' },
silly testEngine   _npmJsonOpts: 
silly testEngine    { file: 'package.json',
silly testEngine      wscript: false,
silly testEngine      contributors: false,
silly testEngine      serverjs: false },
silly testEngine   _id: 'ctrlflow@3.1.1',
silly testEngine   _engineSupported: true,
silly testEngine   _npmVersion: '1.0.27',
silly testEngine   _nodeVersion: 'v0.4.10',
silly testEngine   _defaultsLoaded: true,
silly testEngine   path: '/home/dominic/source/dev/ctrlflow' }
verbose caching package.json
verbose loadDefaults ctrlflow@3.1.1
verbose pack /home/dominic/source/dev/ctrlflow /tmp/npm-1314251782301/1314251782301-0.3391054009553045/tmp.tgz
verbose mkdir (expected) error ENOENT, No such file or directory '/tmp/npm-1314251782301'
verbose mkdir (expected) error ENOENT, No such file or directory '/tmp/npm-1314251782301/1314251782301-0.3391054009553045'
verbose mkdir done: /tmp/npm-1314251782301/1314251782301-0.3391054009553045 755
verbose mkdir'ed /tmp/npm-1314251782301/1314251782301-0.3391054009553045
verbose tar about to write tar and gzip it.
silly tar args [ '-cvf',
silly tar args   '-',
silly tar args   'ctrlflow/index.js',
silly tar args   'ctrlflow/README.md',
silly tar args   'ctrlflow/package.json',
silly tar args   'ctrlflow/ctrlflow.js' ]
verbose success tar -cvf - <file list elided>
verbose success gzip "--stdout"
verbose mkdir (expected) error ENOENT, No such file or directory '/tmp/npm-1314251782301/1314251782301-0.3391054009553045/contents'
verbose mkdir (expected) error ENOENT, No such file or directory '/tmp/npm-1314251782301/1314251782301-0.3391054009553045/contents/___package.npm'
verbose mkdir done: /tmp/npm-1314251782301/1314251782301-0.3391054009553045/contents/___package.npm 755
verbose unpack_ uid, gid [ undefined, undefined ]
verbose unpackTarget /tmp/npm-1314251782301/1314251782301-0.3391054009553045/contents/package
silly gunzTarPerm modes [ '755', '644' ]
verbose success gzip "--decompress" "--stdout" "/tmp/npm-1314251782301/1314251782301-0.3391054009553045/tmp.tgz"
verbose success tar "-mvxpf" "-" "-o" "-C" "/tmp/npm-1314251782301/1314251782301-0.3391054009553045/contents/___package.npm"
silly asyncMap in gTP /tmp/npm-1314251782301/1314251782301-0.3391054009553045/contents/___package.npm/ctrlflow/
silly asyncMap in gTP /tmp/npm-1314251782301/1314251782301-0.3391054009553045/contents/___package.npm/ctrlflow/index.js
silly asyncMap in gTP /tmp/npm-1314251782301/1314251782301-0.3391054009553045/contents/___package.npm/ctrlflow/README.md
silly asyncMap in gTP /tmp/npm-1314251782301/1314251782301-0.3391054009553045/contents/___package.npm/ctrlflow/package.json
silly asyncMap in gTP /tmp/npm-1314251782301/1314251782301-0.3391054009553045/contents/___package.npm/ctrlflow/ctrlflow.js
verbose gunzed /tmp/npm-1314251782301/1314251782301-0.3391054009553045/contents/___package.npm/ctrlflow
verbose rm'ed /tmp/npm-1314251782301/1314251782301-0.3391054009553045/contents/package
verbose renamed [ '/tmp/npm-1314251782301/1314251782301-0.3391054009553045/contents/___package.npm/ctrlflow',
verbose renamed   '/tmp/npm-1314251782301/1314251782301-0.3391054009553045/contents/package' ]
silly testEngine { name: 'ctrlflow',
silly testEngine   description: 'yet another async control flow lib',
silly testEngine   version: '3.1.1',
silly testEngine   homepage: 'https://github.com/dominictarr/ctrlflow',
silly testEngine   repository: 
silly testEngine    { type: 'git',
silly testEngine      url: 'git://github.com/dominictarr/ctrlflow.git' },
silly testEngine   author: { name: 'Dominic', email: 'dominic.tarr@gmail.com' },
silly testEngine   main: './ctrlflow.js',
silly testEngine   directories: { lib: '.' },
silly testEngine   dependencies: { curry: '0.0.x', 'd-utils': '~1.2' },
silly testEngine   devDependencies: { 'meta-test': '>=0.0.2', 'it-is': '*', curry: '*' },
silly testEngine   scripts: { test: 'meta-test test/*.js' },
silly testEngine   engines: { node: '>=0.2.0' },
silly testEngine   _npmJsonOpts: 
silly testEngine    { file: '/tmp/npm-1314251782301/1314251782301-0.3391054009553045/contents/package/package.json',
silly testEngine      wscript: false,
silly testEngine      contributors: false,
silly testEngine      serverjs: false },
silly testEngine   _id: 'ctrlflow@3.1.1',
silly testEngine   _engineSupported: true,
silly testEngine   _npmVersion: '1.0.27',
silly testEngine   _nodeVersion: 'v0.4.10',
silly testEngine   _defaultsLoaded: true,
silly testEngine   path: '/tmp/npm-1314251782301/1314251782301-0.3391054009553045/contents/package' }
verbose caching /tmp/npm-1314251782301/1314251782301-0.3391054009553045/contents/package/package.json
verbose loadDefaults ctrlflow@3.1.1
verbose tarball contents [ 'package' ]
verbose from cache /tmp/npm-1314251782301/1314251782301-0.3391054009553045/contents/package/package.json
verbose pack /tmp/npm-1314251782301/1314251782301-0.3391054009553045/contents/package /home/dominic/.npm/ctrlflow/3.1.1/package.tgz
verbose mkdir'ed /home/dominic/.npm/ctrlflow/3.1.1
verbose tar about to write tar and gzip it.
silly tar args [ '-cvf',
silly tar args   '-',
silly tar args   'package/index.js',
silly tar args   'package/README.md',
silly tar args   'package/package.json',
silly tar args   'package/ctrlflow.js' ]
verbose success tar -cvf - <file list elided>
verbose success gzip "--stdout"
verbose mkdir (expected) error ENOENT, No such file or directory '/home/dominic/.npm/ctrlflow/3.1.1/___package.npm'
verbose mkdir done: /home/dominic/.npm/ctrlflow/3.1.1/___package.npm 755
verbose unpack_ uid, gid [ undefined, undefined ]
verbose unpackTarget /home/dominic/.npm/ctrlflow/3.1.1/package
silly gunzTarPerm modes [ '755', '644' ]
verbose success gzip "--decompress" "--stdout" "/home/dominic/.npm/ctrlflow/3.1.1/package.tgz"
verbose success tar "-mvxpf" "-" "-o" "-C" "/home/dominic/.npm/ctrlflow/3.1.1/___package.npm"
silly asyncMap in gTP /home/dominic/.npm/ctrlflow/3.1.1/___package.npm/package/
silly asyncMap in gTP /home/dominic/.npm/ctrlflow/3.1.1/___package.npm/package/index.js
silly asyncMap in gTP /home/dominic/.npm/ctrlflow/3.1.1/___package.npm/package/README.md
silly asyncMap in gTP /home/dominic/.npm/ctrlflow/3.1.1/___package.npm/package/package.json
silly asyncMap in gTP /home/dominic/.npm/ctrlflow/3.1.1/___package.npm/package/ctrlflow.js
verbose gunzed /home/dominic/.npm/ctrlflow/3.1.1/___package.npm/package
verbose rm'ed /home/dominic/.npm/ctrlflow/3.1.1/package
verbose renamed [ '/home/dominic/.npm/ctrlflow/3.1.1/___package.npm/package',
verbose renamed   '/home/dominic/.npm/ctrlflow/3.1.1/package' ]
silly testEngine { name: 'ctrlflow',
silly testEngine   description: 'yet another async control flow lib',
silly testEngine   version: '3.1.1',
silly testEngine   homepage: 'https://github.com/dominictarr/ctrlflow',
silly testEngine   repository: 
silly testEngine    { type: 'git',
silly testEngine      url: 'git://github.com/dominictarr/ctrlflow.git' },
silly testEngine   author: { name: 'Dominic', email: 'dominic.tarr@gmail.com' },
silly testEngine   main: './ctrlflow.js',
silly testEngine   directories: { lib: '.' },
silly testEngine   dependencies: { curry: '0.0.x', 'd-utils': '~1.2' },
silly testEngine   devDependencies: { 'meta-test': '>=0.0.2', 'it-is': '*', curry: '*' },
silly testEngine   scripts: { test: 'meta-test test/*.js' },
silly testEngine   engines: { node: '>=0.2.0' },
silly testEngine   _npmJsonOpts: 
silly testEngine    { file: '/home/dominic/.npm/ctrlflow/3.1.1/package/package.json',
silly testEngine      wscript: false,
silly testEngine      contributors: false,
silly testEngine      serverjs: false },
silly testEngine   _id: 'ctrlflow@3.1.1',
silly testEngine   _engineSupported: true,
silly testEngine   _npmVersion: '1.0.27',
silly testEngine   _nodeVersion: 'v0.4.10',
silly testEngine   _defaultsLoaded: true,
silly testEngine   dist: 
silly testEngine    { shasum: 'bba69d63e107b7b28447325a5743249ed92d47a2',
silly testEngine      tarball: 'http://registry.npmjs.org/ctrlflow/-/ctrlflow-3.1.1.tgz' } }
verbose caching /home/dominic/.npm/ctrlflow/3.1.1/package/package.json
verbose loadDefaults ctrlflow@3.1.1
silly updated sha bytes 3185
info shasum bba69d63e107b7b28447325a5743249ed92d47a2
info shasum /home/dominic/.npm/ctrlflow/3.1.1/package.tgz
verbose from cache /home/dominic/.npm/ctrlflow/3.1.1/package/package.json
verbose chmod /home/dominic/.npm/ctrlflow/3.1.1/package.tgz 644
silly publish { name: 'ctrlflow',
silly publish   description: 'yet another async control flow lib',
silly publish   version: '3.1.1',
silly publish   homepage: 'https://github.com/dominictarr/ctrlflow',
silly publish   repository: 
silly publish    { type: 'git',
silly publish      url: 'git://github.com/dominictarr/ctrlflow.git' },
silly publish   author: { name: 'Dominic', email: 'dominic.tarr@gmail.com' },
silly publish   main: './ctrlflow.js',
silly publish   directories: { lib: '.' },
silly publish   dependencies: { curry: '0.0.x', 'd-utils': '~1.2' },
silly publish   devDependencies: { 'meta-test': '>=0.0.2', 'it-is': '*', curry: '*' },
silly publish   scripts: { test: 'meta-test test/*.js' },
silly publish   engines: { node: '>=0.2.0' },
silly publish   _npmJsonOpts: 
silly publish    { file: '/home/dominic/.npm/ctrlflow/3.1.1/package/package.json',
silly publish      wscript: false,
silly publish      contributors: false,
silly publish      serverjs: false },
silly publish   _id: 'ctrlflow@3.1.1',
silly publish   _engineSupported: true,
silly publish   _npmVersion: '1.0.27',
silly publish   _nodeVersion: 'v0.4.10',
silly publish   _defaultsLoaded: true,
silly publish   dist: 
silly publish    { shasum: 'bba69d63e107b7b28447325a5743249ed92d47a2',
silly publish      tarball: 'http://registry.npmjs.org/ctrlflow/-/ctrlflow-3.1.1.tgz' } }
verbose PUT ctrlflow
verbose raw, before any munging ctrlflow
verbose url resolving [ 'https://registry.npmjs.org/', './ctrlflow' ]
verbose url resolved https://registry.npmjs.org/ctrlflow
verbose url parsed { protocol: 'https:',
verbose url parsed   slashes: true,
verbose url parsed   host: 'registry.npmjs.org',
verbose url parsed   hostname: 'registry.npmjs.org',
verbose url parsed   href: 'https://registry.npmjs.org/ctrlflow',
verbose url parsed   pathname: '/ctrlflow' }
silly writing json { _id: 'ctrlflow',
silly writing json   name: 'ctrlflow',
silly writing json   description: 'yet another async control flow lib',
silly writing json   'dist-tags': {},
silly writing json   versions: {},
silly writing json   maintainers: 
silly writing json    [ { name: 'dominictarr',
silly writing json        email: 'dominic.tarr@gmail.com' } ] }
verbose response https://registry.npmjs.org/ctrlflow
silly chunk {"error":"conflict","reason":"Document update conflict."}
silly chunk 
verbose GET ctrlflow
verbose raw, before any munging ctrlflow
verbose url resolving [ 'https://registry.npmjs.org/', './ctrlflow' ]
verbose url resolved https://registry.npmjs.org/ctrlflow
verbose url parsed { protocol: 'https:',
verbose url parsed   slashes: true,
verbose url parsed   host: 'registry.npmjs.org',
verbose url parsed   hostname: 'registry.npmjs.org',
verbose url parsed   href: 'https://registry.npmjs.org/ctrlflow',
verbose url parsed   pathname: '/ctrlflow' }
verbose response https://registry.npmjs.org/ctrlflow
silly chunk {"_id":"ctrlflow","_rev":"29-eff24021c0ea84cc95fd1e9a00f9f239","name":"ctrlflow","description":"yet another async control flow lib","dist-tags":{"latest":"3.1.1"},"versions":{"0.0.0":{"name":"ctrlflow","description":"yet another async control flow lib","version":"0.0.0","homepage":"https://github.com/dominictarr/ctrlflow","repository":{"type":"git","url":"git://github.com/dominictarr/ctrlflow.git"},"author":{"name":"Dominic","email":"dominic.tarr@gmail.com"},"main":"./ctrlflow.js","directories":{"lib":"."},"devDependencies":{"meta-test":">=0.0.2","it-is":"*","curry":"*"},"scripts":{"test":"meta-test test/*.js"},"engines":{"node":">=0.2.0"},"_id":"ctrlflow@0.0.0","_engineSupported":true,"_npmVersion":"0.3.12","_nodeVersion":"v0.4.2","files":[""],"_defaultsLoaded":true,"dist":{"shasum":"82c0eac20655c520403cd99f48f4e2bd260cace7","tarball":"http://registry.npmjs.org/ctrlflow/-/ctrlflow-0.0.0.tgz"}},"0.0.1":{"name":"ctrlflow","description":"yet another async control flow lib","version":"0.0.1","homepage":"https://github.com/dominictarr/ctrlflow","repository":{"type":"git","url":"git://github.com/dominictarr/ctrlflow.git"},"author":{"name":"Dominic","email":"dominic.tarr@gmail.com"},"main":"./ctrlflow.js","directories":{"lib":"."},"devDependencies":{"meta-test":">=0.0.2","it-is":"*","curry":"*"},"scripts":{"test":"meta-test test/*.js"},"engines":{"node":">=0.2.0"},"_id":"ctrlflow@0.0.1","_engineSupported":true,"_npmVersion":"0.3.12","_nodeVer
silly chunk sion":"v0.4.4","files":[""],"_defaultsLoaded":true,"dist":{"shasum":"6eaa9abd9805d126c0a25dd8d9d39971f1cafd1a","tarball":"http://registry.npmjs.org/ctrlflow/-/ctrlflow-0.0.1.tgz"}},"0.0.2":{"name":"ctrlflow","description":"yet another async control flow lib","version":"0.0.2","homepage":"https://github.com/dominictarr/ctrlflow","repository":{"type":"git","url":"git://github.com/dominictarr/ctrlflow.git"},"author":{"name":"Dominic","email":"dominic.tarr@gmail.com"},"main":"./ctrlflow.js","directories":{"lib":"."},"dependencies":{"curry":"0.0.x"},"devDependencies":{"meta-test":">=0.0.2","it-is":"*","curry":"*"},"scripts":{"test":"meta-test test/*.js"},"engines":{"node":">=0.2.0"},"_id":"ctrlflow@0.0.2","_engineSupported":true,"_npmVersion":"1.0.8","_nodeVersion":"v0.4.7","_defaultsLoaded":true,"dist":{"shasum":"0e46fdb8cf61a5c3e6ea0cf45aa2ae5a8700c35a","tarball":"http://registry.npmjs.org/ctrlflow/-/ctrlflow-0.0.2.tgz"}},"0.0.3":{"name":"ctrlflow","description":"yet another async control flow lib","version":"0.0.3","homepage":"https://github.com/dominictarr/ctrlflow","repository":{"type":"git","url":"git://github.com/dominictarr/ctrlflow.git"},"author":{"name":"Dominic","email":"dominic.tarr@gmail.com"},"main":"./ctrlflow.js","directories":{"lib":"."},"dependencies":{"curry":"0.0.x"},"devDependencies":{"meta-test":">=0.0.2","it-is":"*","curry":"*"},"scripts":{"test":"meta-test test/*.js"},"engines":{"node":">=0.2.0"},"_id":"ctrlflow@0.0.3
silly chunk ","_engineSupported":true,"_npmVersion":"1.0.9-1","_nodeVersion":"v0.4.7","_defaultsLoaded":true,"dist":{"shasum":"e96c180890dc05c2b3b43735f529a71293e139c0","tarball":"http://registry.npmjs.org/ctrlflow/-/ctrlflow-0.0.3.tgz"}},"1.0.0":{"name":"ctrlflow","description":"yet another async control flow lib","version":"1.0.0","homepage":"https://github.com/dominictarr/ctrlflow","repository":{"type":"git","url":"git://github.com/dominictarr/ctrlflow.git"},"author":{"name":"Dominic","email":"dominic.tarr@gmail.com"},"main":"./ctrlflow.js","directories":{"lib":"."},"dependencies":{"curry":"0.0.x"},"devDependencies":{"meta-test":">=0.0.2","it-is":"*","curry":"*"},"scripts":{"test":"meta-test test/*.js"},"engines":{"node":">=0.2.0"},"_npmJsonOpts":{"file":"/home/dominic/.npm/ctrlflow/1.0.0/package/package.json","wscript":false,"contributors":false,"serverjs":false},"_id":"ctrlflow@1.0.0","_engineSupported":true,"_npmVersion":"1.0.13","_nodeVersion":"v0.4.10","_defaultsLoaded":true,"dist":{"shasum":"9f3ce72060e9c32394f6f1c785fd346429b91e7f","tarball":"http://registry.npmjs.org/ctrlflow/-/ctrlflow-1.0.0.tgz"},"maintainers":[{"name":"dominictarr","email":"dominic.tarr@gmail.com"}]},"1.1.0":{"name":"ctrlflow","description":"yet another async control flow lib","version":"1.1.0","homepage":"https://github.com/dominictarr/ctrlflow","repository":{"type":"git","url":"git://github.com/dominictarr/ctrlflow.git"},"author":{"name":"Dominic","email":"dominic.t
silly chunk arr@gmail.com"},"main":"./ctrlflow.js","directories":{"lib":"."},"dependencies":{"curry":"0.0.x"},"devDependencies":{"meta-test":">=0.0.2","it-is":"*","curry":"*"},"scripts":{"test":"meta-test test/*.js"},"engines":{"node":">=0.2.0"},"_npmJsonOpts":{"file":"/home/dominic/.npm/ctrlflow/1.1.0/package/package.json","wscript":false,"contributors":false,"serverjs":false},"_id":"ctrlflow@1.1.0","_engineSupported":true,"_npmVersion":"1.0.13","_nodeVersion":"v0.4.10","_defaultsLoaded":true,"dist":{"shasum":"8f15ebd60eb422b0f42d45c0dcf6e0cf926f5ae2","tarball":"http://registry.npmjs.org/ctrlflow/-/ctrlflow-1.1.0.tgz"},"maintainers":[{"name":"dominictarr","email":"dominic.tarr@gmail.com"}]},"1.2.0":{"name":"ctrlflow","description":"yet another async control flow lib","version":"1.2.0","homepage":"https://github.com/dominictarr/ctrlflow","repository":{"type":"git","url":"git://github.com/dominictarr/ctrlflow.git"},"author":{"name":"Dominic","email":"dominic.tarr@gmail.com"},"main":"./ctrlflow.js","directories":{"lib":"."},"dependencies":{"curry":"0.0.x"},"devDependencies":{"meta-test":">=0.0.2","it-is":"*","curry":"*"},"scripts":{"test":"meta-test test/*.js"},"engines":{"node":">=0.2.0"},"_npmJsonOpts":{"file":"/home/dominic/.npm/ctrlflow/1.2.0/package/package.json","wscript":false,"contributors":false,"serverjs":false},"_id":"ctrlflow@1.2.0","_engineSupported":true,"_npmVersion":"1.0.13","_nodeVersion":"v0.4.10","_defaultsLoaded":true,"dist":{"shasum":"3ec64858594925c050856c71949d29f5b29ed139","tarball":"http://registry.npmjs.org/ctrlflow/-/ctrlflow-1.2.0.tgz"},"maintainers":[{"name":"dominictarr","email":"dominic.tarr@gmail.com"}]},"2.0.0":{"name":"ctrlflow","description":"yet another async control flow lib","version":"2.0.0","homepage":"https://github.com/dominictarr/ctrlflow","repository":{"type":"git","url":"git://github.com/dominictarr/ctrlflow.git"},"author":{"name":"Dominic","email":"dominic.tarr@gmail.com"},"main":"./ctrlflow.js","directories":{"lib":"."},"dependencies":{"curry":"0.0.x"},"devDependencies":{"meta-test":">=0.0.2","it-is":"*","curry":"*"},"scripts":{"test":"meta-test test/*.js"},"engines":{"node":">=0.2.0"},"_npmJsonOpts":{"file":"/home/dominic/.npm/ctrlflow/2.0.0/package/package.json","wscript":false,"contributors":false,"serverjs":false},"_id":"ctrlflow@2.0.0","_engineSupported":true,"_npmVersion":"1.0.13","_nodeVersion":"v0.4.10","_defaultsLoaded":true,"dist":{"shasum":"480d590bb9df2f7b58cc9d2e27d97f9668c6492f","tarball":"http://registry.npmjs.org/ctrlflow/-/ctrlflow-2.0.0.tgz"},"maintainers":[{"name":"dominictarr","email":"dominic.tarr@gmail.com"}]},"2.1.0":{"name":"ctrlflow","description":"yet another async control flow lib","version":"2.1.0","homepage":"https://github.com/dominictarr/ctrlflow","repository":{"type":"git","url":"git://github.com/dominictarr/ctrlflow.git"},"author":{"name":"Dominic","email":"dominic.tarr@gmail.com"},"main":"./ctrlflow.js","directories":{"lib":"."},"dependencies":{"curry":"0.0.x"},"devDependencies":{"meta-test":">=0.0.2","it-is":"*","curry":"*"},"scripts":{"test":"meta-test test/*.js"},"engines":{"node":">=0.2.0"},"_npmJsonOpts":{"file":"/home/dominic/.npm/ctrlflow/2.1.0/package/package.json","wscript":false,"contributors":false,"serverjs":false},"_id":"ctrlflow@2.1.0","_engineSupported":true,"_npmVersion":"1.0.13","_nodeVersion":"v0.4.10","_defaultsLoaded":true,"dist":{"shasum":"131f0715499ccbf0575da80dadfe6d7f35fd2b39","tarball":"http://registry.npmjs.org/ctrlflow/-/ctrlflow-2.1.0.tgz"},"maintainers":[{"name":"dominictarr","email":"dominic.tarr@gmail.com"}]},"3.0.0":{"name":"ctrlflow","description":"yet another async control flow lib","version":"3.0.0","homepage":"https://github.com/dominictarr/ctrlflow","repository":{"type":"git","url":"git://github.com/dominictarr/ctrlflow.git"},"author":{"name":"Dominic","email":"dominic.tarr@gmail.com"},"main":"./ctrlflow.js","directories":{"lib":"."},"dependencies":{"curry":"0.0.x"},"devDependencies":{"meta-test":">=0.0.2","it-is":"*","curry":"*"},"scripts":{"test":"meta-test test/*.js"},"engines":{"node":">=0.2.0"},"_npmJsonOpts":{"file":"/home/dominic/.npm/ctrlflow/3.0.0/package/package.json","wscript":false,"contributors":false,"serverjs":false},"_id":"ctrlflow@3.0.0","_engineSupported":true,"_npmVersion":"1.0.13","_nodeVersion":"v0.4.10","_defaultsLoaded":true,"dist":{"shasum":"0f2433ea6fa813d52d846e098b483e2
silly chunk c11815c5a","tarball":"http://registry.npmjs.org/ctrlflow/-/ctrlflow-3.0.0.tgz"},"maintainers":[{"name":"dominictarr","email":"dominic.tarr@gmail.com"}]},"3.1.0":{"name":"ctrlflow","description":"yet another async control flow lib","version":"3.1.0","homepage":"https://github.com/dominictarr/ctrlflow","repository":{"type":"git","url":"git://github.com/dominictarr/ctrlflow.git"},"author":{"name":"Dominic","email":"dominic.tarr@gmail.com"},"main":"./ctrlflow.js","directories":{"lib":"."},"dependencies":{"curry":"0.0.x"},"devDependencies":{"meta-test":">=0.0.2","it-is":"*","curry":"*"},"scripts":{"test":"meta-test test/*.js"},"engines":{"node":">=0.2.0"},"_npmJsonOpts":{"file":"/home/dominic/.npm/ctrlflow/3.1.0/package/package.json","wscript":false,"contributors":false,"serverjs":false},"_id":"ctrlflow@3.1.0","_engineSupported":true,"_npmVersion":"1.0.13","_nodeVersion":"v0.4.10","_defaultsLoaded":true,"dist":{"shasum":"4eccf4cf48956b1bb9b46bee8146ddbb419b20ca","tarball":"http://registry.npmjs.org/ctrlflow/-/ctrlflow-3.1.0.tgz"},"maintainers":[{"name":"dominictarr","email":"dominic.tarr@gmail.com"}]},"3.1.1":{"name":"ctrlflow","description":"yet another async control flow lib","version":"3.1.1","homepage":"https://github.com/dominictarr/ctrlflow","repository":{"type":"git","url":"git://github.com/dominictarr/ctrlflow.git"},"author":{"name":"Dominic","email":"dominic.tarr@gmail.com"},"main":"./ctrlflow.js","directories":{"lib":"."},"dependencies":{"curry":"0.0.x","d-utils":"~1.2"},"devDependencies":{"meta-test":">=0.0.2","it-is":"*","curry":"*"},"scripts":{"test":"meta-test test/*.js"},"engines":{"node":">=0.2.0"},"_npmJsonOpts":{"file":"/home/dominic/.npm/ctrlflow/3.1.1/package/package.json","wscript":false,"contributors":false,"serverjs":false},"_id":"ctrlflow@3.1.1","_engineSupported":true,"_npmVersion":"1.0.27","_nodeVersion":"v0.4.10","_defaultsLoaded":true,"dist":{"shasum":"96a667ec5bea84e1377696a933135a106e5718db","tarball":"http://registry.npmjs.org/ctrlflow/-/ctrlflow-3.1.1.tgz"},"maintainers":[{"name":"dominictarr","email":"dominic.tarr@gmail.com"}]}},"maintainers":[{"name":"dominictarr","email":"dominic.tarr@gmail.com"}],"time":{"0.0.0":"2011-03-14T11:00:38.627Z","0.0.1":"2011-03-28T21:59:09.951Z","0.0.2":"2011-06-02T16:47:45.331Z","0.0.3":"2011-06-05T02:34:09.264Z","1.0.0":"2011-08-15T07:00:00.836Z","1.1.0":"2011-08-15T09:33:41.926Z","1.2.0":"2011-08-15T11:05:00.482Z","2.0.0":"2011-08-17T23:36:48.840Z","2.1.0":"2011-08-18T00:49:11.684Z","3.0.0":"2011-08-18T02:24:23.672Z","3.1.0":"2011-08-18T03:19:36.764Z","3.1.1":"2011-08-25T05:55:06.345Z"},"author":{"name":"Dominic","email":"dominic.tarr@gmail.com"},"repository":{"type":"git","url":"git://github.com/dominictarr/ctrlflow.git"}}
info Already published ctrlflow@3.1.1
verbose uploading bin dists []
ERR! publish fail Cannot publish over existing version.
ERR! publish fail Bump the 'version' field, set the --force flag, or
ERR! publish fail     npm unpublish 'ctrlflow@3.1.1'
ERR! publish fail and try again
ERR! 
ERR! System Linux 2.6.35-30-generic-pae
ERR! command "node" "/usr/local/bin/npm" "publish"
ERR! cwd /home/dominic/source/dev/ctrlflow
ERR! node -v v0.4.10
ERR! npm -v 1.0.27
verbose exit [ 1, true ]
